.\Win32_Debug\imgcmp.ilk
.\Win32_Debug\imgcmp.pdb
E:\JPEG2000\useful\JPEG2000\jasper-1.900.1\jasper-1.900.1\src\msvc\.\Win32_Debug\imgcmp.exe
E:\JPEG2000\useful\JPEG2000\jasper-1.900.1\jasper-1.900.1\src\msvc\imgcmp___Win32_Debug\cl.command.1.tlog
E:\JPEG2000\useful\JPEG2000\jasper-1.900.1\jasper-1.900.1\src\msvc\imgcmp___Win32_Debug\CL.read.1.tlog
E:\JPEG2000\useful\JPEG2000\jasper-1.900.1\jasper-1.900.1\src\msvc\imgcmp___Win32_Debug\CL.write.1.tlog
E:\JPEG2000\useful\JPEG2000\jasper-1.900.1\jasper-1.900.1\src\msvc\imgcmp___Win32_Debug\imgcmp.exe.embed.manifest
E:\JPEG2000\useful\JPEG2000\jasper-1.900.1\jasper-1.900.1\src\msvc\imgcmp___Win32_Debug\imgcmp.exe.embed.manifest.res
E:\JPEG2000\useful\JPEG2000\jasper-1.900.1\jasper-1.900.1\src\msvc\imgcmp___Win32_Debug\imgcmp.exe.intermediate.manifest
E:\JPEG2000\useful\JPEG2000\jasper-1.900.1\jasper-1.900.1\src\msvc\imgcmp___Win32_Debug\imgcmp.obj
E:\JPEG2000\useful\JPEG2000\jasper-1.900.1\jasper-1.900.1\src\msvc\imgcmp___Win32_Debug\imgcmp_manifest.rc
E:\JPEG2000\useful\JPEG2000\jasper-1.900.1\jasper-1.900.1\src\msvc\imgcmp___Win32_Debug\link.5340.read.1.tlog
E:\JPEG2000\useful\JPEG2000\jasper-1.900.1\jasper-1.900.1\src\msvc\imgcmp___Win32_Debug\link.5340.write.1.tlog
E:\JPEG2000\useful\JPEG2000\jasper-1.900.1\jasper-1.900.1\src\msvc\imgcmp___Win32_Debug\link.5340-cvtres.read.1.tlog
E:\JPEG2000\useful\JPEG2000\jasper-1.900.1\jasper-1.900.1\src\msvc\imgcmp___Win32_Debug\link.5340-cvtres.write.1.tlog
E:\JPEG2000\useful\JPEG2000\jasper-1.900.1\jasper-1.900.1\src\msvc\imgcmp___Win32_Debug\link.command.1.tlog
E:\JPEG2000\useful\JPEG2000\jasper-1.900.1\jasper-1.900.1\src\msvc\imgcmp___Win32_Debug\link.read.1.tlog
E:\JPEG2000\useful\JPEG2000\jasper-1.900.1\jasper-1.900.1\src\msvc\imgcmp___Win32_Debug\link.write.1.tlog
E:\JPEG2000\useful\JPEG2000\jasper-1.900.1\jasper-1.900.1\src\msvc\imgcmp___Win32_Debug\link-cvtres.read.1.tlog
E:\JPEG2000\useful\JPEG2000\jasper-1.900.1\jasper-1.900.1\src\msvc\imgcmp___Win32_Debug\link-cvtres.write.1.tlog
E:\JPEG2000\useful\JPEG2000\jasper-1.900.1\jasper-1.900.1\src\msvc\imgcmp___Win32_Debug\mt.command.1.tlog
E:\JPEG2000\useful\JPEG2000\jasper-1.900.1\jasper-1.900.1\src\msvc\imgcmp___Win32_Debug\mt.read.1.tlog
E:\JPEG2000\useful\JPEG2000\jasper-1.900.1\jasper-1.900.1\src\msvc\imgcmp___Win32_Debug\mt.write.1.tlog
E:\JPEG2000\useful\JPEG2000\jasper-1.900.1\jasper-1.900.1\src\msvc\imgcmp___Win32_Debug\rc.command.1.tlog
E:\JPEG2000\useful\JPEG2000\jasper-1.900.1\jasper-1.900.1\src\msvc\imgcmp___Win32_Debug\rc.read.1.tlog
E:\JPEG2000\useful\JPEG2000\jasper-1.900.1\jasper-1.900.1\src\msvc\imgcmp___Win32_Debug\rc.write.1.tlog
E:\JPEG2000\useful\JPEG2000\jasper-1.900.1\jasper-1.900.1\src\msvc\imgcmp___Win32_Debug\vc100.idb
E:\JPEG2000\useful\JPEG2000\jasper-1.900.1\jasper-1.900.1\src\msvc\imgcmp___Win32_Debug\vc100.pdb
E:\TASK\JPEG2000\JASPER-1.900.1\JASPER-1.900.1\SRC\MSVC\IMGCMP___WIN32_DEBUG\IMGCMP.EXE.EMBED.MANIFEST
E:\TASK\JPEG2000\JASPER-1.900.1\JASPER-1.900.1\SRC\MSVC\IMGCMP___WIN32_DEBUG\IMGCMP.EXE.EMBED.MANIFEST.RES
E:\TASK\JPEG2000\JASPER-1.900.1\JASPER-1.900.1\SRC\MSVC\IMGCMP___WIN32_DEBUG\IMGCMP.EXE.INTERMEDIATE.MANIFEST
E:\TASK\JPEG2000\JASPER-1.900.1\JASPER-1.900.1\SRC\MSVC\IMGCMP___WIN32_DEBUG\IMGCMP.OBJ
E:\TASK\JPEG2000\JASPER-1.900.1\JASPER-1.900.1\SRC\MSVC\IMGCMP___WIN32_DEBUG\VC100.PDB
E:\TASK\JPEG2000\JASPER-1.900.1\JASPER-1.900.1\SRC\MSVC\WIN32_DEBUG\IMGCMP.EXE
E:\TASK\JPEG2000\JASPER-1.900.1\JASPER-1.900.1\SRC\MSVC\WIN32_DEBUG\IMGCMP.ILK
E:\TASK\JPEG2000\JASPER-1.900.1\JASPER-1.900.1\SRC\MSVC\WIN32_DEBUG\IMGCMP.PDB
