.\Win32_Debug\jasper.ilk
.\Win32_Debug\jasper.pdb
E:\JPEG2000\useful\JPEG2000\jasper-1.900.1\jasper-1.900.1\src\msvc\.\Win32_Debug\jasper.exe
E:\JPEG2000\useful\JPEG2000\jasper-1.900.1\jasper-1.900.1\src\msvc\jasper___Win32_Debug\cl.command.1.tlog
E:\JPEG2000\useful\JPEG2000\jasper-1.900.1\jasper-1.900.1\src\msvc\jasper___Win32_Debug\CL.read.1.tlog
E:\JPEG2000\useful\JPEG2000\jasper-1.900.1\jasper-1.900.1\src\msvc\jasper___Win32_Debug\CL.write.1.tlog
E:\JPEG2000\USEFUL\JPEG2000\JASPER-1.900.1\JASPER-1.900.1\SRC\MSVC\JASPER___WIN32_DEBUG\JASPER.EXE.EMBED.MANIFEST
E:\JPEG2000\USEFUL\JPEG2000\JASPER-1.900.1\JASPER-1.900.1\SRC\MSVC\JASPER___WIN32_DEBUG\JASPER.EXE.EMBED.MANIFEST.RES
E:\JPEG2000\USEFUL\JPEG2000\JASPER-1.900.1\JASPER-1.900.1\SRC\MSVC\JASPER___WIN32_DEBUG\JASPER.EXE.INTERMEDIATE.MANIFEST
E:\JPEG2000\USEFUL\JPEG2000\JASPER-1.900.1\JASPER-1.900.1\SRC\MSVC\JASPER___WIN32_DEBUG\JASPER.OBJ
E:\JPEG2000\useful\JPEG2000\jasper-1.900.1\jasper-1.900.1\src\msvc\jasper___Win32_Debug\jasper_manifest.rc
E:\JPEG2000\useful\JPEG2000\jasper-1.900.1\jasper-1.900.1\src\msvc\jasper___Win32_Debug\link.4840.read.1.tlog
E:\JPEG2000\useful\JPEG2000\jasper-1.900.1\jasper-1.900.1\src\msvc\jasper___Win32_Debug\link.4840.write.1.tlog
E:\JPEG2000\useful\JPEG2000\jasper-1.900.1\jasper-1.900.1\src\msvc\jasper___Win32_Debug\link.4840-cvtres.read.1.tlog
E:\JPEG2000\useful\JPEG2000\jasper-1.900.1\jasper-1.900.1\src\msvc\jasper___Win32_Debug\link.4840-cvtres.write.1.tlog
E:\JPEG2000\useful\JPEG2000\jasper-1.900.1\jasper-1.900.1\src\msvc\jasper___Win32_Debug\link.6820.read.1.tlog
E:\JPEG2000\useful\JPEG2000\jasper-1.900.1\jasper-1.900.1\src\msvc\jasper___Win32_Debug\link.6820.write.1.tlog
E:\JPEG2000\useful\JPEG2000\jasper-1.900.1\jasper-1.900.1\src\msvc\jasper___Win32_Debug\link.6820-cvtres.read.1.tlog
E:\JPEG2000\useful\JPEG2000\jasper-1.900.1\jasper-1.900.1\src\msvc\jasper___Win32_Debug\link.6820-cvtres.write.1.tlog
E:\JPEG2000\useful\JPEG2000\jasper-1.900.1\jasper-1.900.1\src\msvc\jasper___Win32_Debug\link.command.1.tlog
E:\JPEG2000\useful\JPEG2000\jasper-1.900.1\jasper-1.900.1\src\msvc\jasper___Win32_Debug\link.read.1.tlog
E:\JPEG2000\useful\JPEG2000\jasper-1.900.1\jasper-1.900.1\src\msvc\jasper___Win32_Debug\link.write.1.tlog
E:\JPEG2000\useful\JPEG2000\jasper-1.900.1\jasper-1.900.1\src\msvc\jasper___Win32_Debug\link-cvtres.read.1.tlog
E:\JPEG2000\useful\JPEG2000\jasper-1.900.1\jasper-1.900.1\src\msvc\jasper___Win32_Debug\link-cvtres.write.1.tlog
E:\JPEG2000\useful\JPEG2000\jasper-1.900.1\jasper-1.900.1\src\msvc\jasper___Win32_Debug\mt.command.1.tlog
E:\JPEG2000\useful\JPEG2000\jasper-1.900.1\jasper-1.900.1\src\msvc\jasper___Win32_Debug\mt.read.1.tlog
E:\JPEG2000\useful\JPEG2000\jasper-1.900.1\jasper-1.900.1\src\msvc\jasper___Win32_Debug\mt.write.1.tlog
E:\JPEG2000\useful\JPEG2000\jasper-1.900.1\jasper-1.900.1\src\msvc\jasper___Win32_Debug\rc.command.1.tlog
E:\JPEG2000\useful\JPEG2000\jasper-1.900.1\jasper-1.900.1\src\msvc\jasper___Win32_Debug\rc.read.1.tlog
E:\JPEG2000\useful\JPEG2000\jasper-1.900.1\jasper-1.900.1\src\msvc\jasper___Win32_Debug\rc.write.1.tlog
E:\JPEG2000\useful\JPEG2000\jasper-1.900.1\jasper-1.900.1\src\msvc\jasper___Win32_Debug\vc100.idb
E:\JPEG2000\USEFUL\JPEG2000\JASPER-1.900.1\JASPER-1.900.1\SRC\MSVC\JASPER___WIN32_DEBUG\VC100.PDB
E:\JPEG2000\USEFUL\JPEG2000\JASPER-1.900.1\JASPER-1.900.1\SRC\MSVC\WIN32_DEBUG\JASPER.EXE
E:\JPEG2000\USEFUL\JPEG2000\JASPER-1.900.1\JASPER-1.900.1\SRC\MSVC\WIN32_DEBUG\JASPER.ILK
E:\JPEG2000\USEFUL\JPEG2000\JASPER-1.900.1\JASPER-1.900.1\SRC\MSVC\WIN32_DEBUG\JASPER.PDB
E:\TASK\JPEG2000\JASPER-1.900.1\JASPER-1.900.1\SRC\MSVC\JASPER___WIN32_DEBUG\JASPER.EXE.EMBED.MANIFEST
E:\TASK\JPEG2000\JASPER-1.900.1\JASPER-1.900.1\SRC\MSVC\JASPER___WIN32_DEBUG\JASPER.EXE.EMBED.MANIFEST.RES
E:\TASK\JPEG2000\JASPER-1.900.1\JASPER-1.900.1\SRC\MSVC\JASPER___WIN32_DEBUG\JASPER.EXE.INTERMEDIATE.MANIFEST
E:\TASK\JPEG2000\JASPER-1.900.1\JASPER-1.900.1\SRC\MSVC\JASPER___WIN32_DEBUG\JASPER.OBJ
E:\TASK\JPEG2000\JASPER-1.900.1\JASPER-1.900.1\SRC\MSVC\JASPER___WIN32_DEBUG\VC100.PDB
E:\TASK\JPEG2000\JASPER-1.900.1\JASPER-1.900.1\SRC\MSVC\WIN32_DEBUG\JASPER.EXE
E:\TASK\JPEG2000\JASPER-1.900.1\JASPER-1.900.1\SRC\MSVC\WIN32_DEBUG\JASPER.ILK
E:\TASK\JPEG2000\JASPER-1.900.1\JASPER-1.900.1\SRC\MSVC\WIN32_DEBUG\JASPER.PDB
