.\Win32_Debug\imginfo.ilk
E:\JPEG2000\useful\JPEG2000\jasper-1.900.1\jasper-1.900.1\src\msvc\.\Win32_Debug\imginfo.exe
E:\JPEG2000\useful\JPEG2000\jasper-1.900.1\jasper-1.900.1\src\msvc\imginfo___Win32_Debug\cl.command.1.tlog
E:\JPEG2000\useful\JPEG2000\jasper-1.900.1\jasper-1.900.1\src\msvc\imginfo___Win32_Debug\CL.read.1.tlog
E:\JPEG2000\useful\JPEG2000\jasper-1.900.1\jasper-1.900.1\src\msvc\imginfo___Win32_Debug\CL.write.1.tlog
E:\JPEG2000\useful\JPEG2000\jasper-1.900.1\jasper-1.900.1\src\msvc\imginfo___Win32_Debug\imginfo.exe.embed.manifest
E:\JPEG2000\useful\JPEG2000\jasper-1.900.1\jasper-1.900.1\src\msvc\imginfo___Win32_Debug\imginfo.exe.embed.manifest.res
E:\JPEG2000\useful\JPEG2000\jasper-1.900.1\jasper-1.900.1\src\msvc\imginfo___Win32_Debug\imginfo.exe.intermediate.manifest
E:\JPEG2000\useful\JPEG2000\jasper-1.900.1\jasper-1.900.1\src\msvc\imginfo___Win32_Debug\imginfo.obj
E:\JPEG2000\useful\JPEG2000\jasper-1.900.1\jasper-1.900.1\src\msvc\imginfo___Win32_Debug\imginfo_manifest.rc
E:\JPEG2000\useful\JPEG2000\jasper-1.900.1\jasper-1.900.1\src\msvc\imginfo___Win32_Debug\link.6576.read.1.tlog
E:\JPEG2000\useful\JPEG2000\jasper-1.900.1\jasper-1.900.1\src\msvc\imginfo___Win32_Debug\link.6576.write.1.tlog
E:\JPEG2000\useful\JPEG2000\jasper-1.900.1\jasper-1.900.1\src\msvc\imginfo___Win32_Debug\link.6576-cvtres.read.1.tlog
E:\JPEG2000\useful\JPEG2000\jasper-1.900.1\jasper-1.900.1\src\msvc\imginfo___Win32_Debug\link.6576-cvtres.write.1.tlog
E:\JPEG2000\useful\JPEG2000\jasper-1.900.1\jasper-1.900.1\src\msvc\imginfo___Win32_Debug\link.command.1.tlog
E:\JPEG2000\useful\JPEG2000\jasper-1.900.1\jasper-1.900.1\src\msvc\imginfo___Win32_Debug\link.read.1.tlog
E:\JPEG2000\useful\JPEG2000\jasper-1.900.1\jasper-1.900.1\src\msvc\imginfo___Win32_Debug\link.write.1.tlog
E:\JPEG2000\useful\JPEG2000\jasper-1.900.1\jasper-1.900.1\src\msvc\imginfo___Win32_Debug\link-cvtres.read.1.tlog
E:\JPEG2000\useful\JPEG2000\jasper-1.900.1\jasper-1.900.1\src\msvc\imginfo___Win32_Debug\link-cvtres.write.1.tlog
E:\JPEG2000\useful\JPEG2000\jasper-1.900.1\jasper-1.900.1\src\msvc\imginfo___Win32_Debug\mt.command.1.tlog
E:\JPEG2000\useful\JPEG2000\jasper-1.900.1\jasper-1.900.1\src\msvc\imginfo___Win32_Debug\mt.read.1.tlog
E:\JPEG2000\useful\JPEG2000\jasper-1.900.1\jasper-1.900.1\src\msvc\imginfo___Win32_Debug\mt.write.1.tlog
E:\JPEG2000\useful\JPEG2000\jasper-1.900.1\jasper-1.900.1\src\msvc\imginfo___Win32_Debug\rc.command.1.tlog
E:\JPEG2000\useful\JPEG2000\jasper-1.900.1\jasper-1.900.1\src\msvc\imginfo___Win32_Debug\rc.read.1.tlog
E:\JPEG2000\useful\JPEG2000\jasper-1.900.1\jasper-1.900.1\src\msvc\imginfo___Win32_Debug\rc.write.1.tlog
E:\JPEG2000\useful\JPEG2000\jasper-1.900.1\jasper-1.900.1\src\msvc\imginfo___Win32_Debug\vc100.idb
E:\JPEG2000\useful\JPEG2000\jasper-1.900.1\jasper-1.900.1\src\msvc\imginfo___Win32_Debug\vc100.pdb
E:\TASK\JPEG2000\JASPER-1.900.1\JASPER-1.900.1\SRC\MSVC\IMGINFO___WIN32_DEBUG\IMGINFO.EXE.EMBED.MANIFEST
E:\TASK\JPEG2000\JASPER-1.900.1\JASPER-1.900.1\SRC\MSVC\IMGINFO___WIN32_DEBUG\IMGINFO.EXE.EMBED.MANIFEST.RES
E:\TASK\JPEG2000\JASPER-1.900.1\JASPER-1.900.1\SRC\MSVC\IMGINFO___WIN32_DEBUG\IMGINFO.EXE.INTERMEDIATE.MANIFEST
E:\TASK\JPEG2000\JASPER-1.900.1\JASPER-1.900.1\SRC\MSVC\IMGINFO___WIN32_DEBUG\IMGINFO.OBJ
E:\TASK\JPEG2000\JASPER-1.900.1\JASPER-1.900.1\SRC\MSVC\IMGINFO___WIN32_DEBUG\VC100.PDB
E:\TASK\JPEG2000\JASPER-1.900.1\JASPER-1.900.1\SRC\MSVC\WIN32_DEBUG\IMGINFO.EXE
E:\TASK\JPEG2000\JASPER-1.900.1\JASPER-1.900.1\SRC\MSVC\WIN32_DEBUG\IMGINFO.ILK
E:\TASK\JPEG2000\JASPER-1.900.1\JASPER-1.900.1\SRC\MSVC\WIN32_DEBUG\IMGINFO.PDB
