E:\JPEG2000\useful\JPEG2000\jasper-1.900.1\jasper-1.900.1\src\msvc\.\Win32_Debug\libjasper.lib
E:\JPEG2000\USEFUL\JPEG2000\JASPER-1.900.1\JASPER-1.900.1\SRC\MSVC\LIBJASPER___WIN32_DEBUG\BMP_COD.OBJ
E:\JPEG2000\USEFUL\JPEG2000\JASPER-1.900.1\JASPER-1.900.1\SRC\MSVC\LIBJASPER___WIN32_DEBUG\BMP_DEC.OBJ
E:\JPEG2000\USEFUL\JPEG2000\JASPER-1.900.1\JASPER-1.900.1\SRC\MSVC\LIBJASPER___WIN32_DEBUG\BMP_ENC.OBJ
E:\JPEG2000\useful\JPEG2000\jasper-1.900.1\jasper-1.900.1\src\msvc\libjasper___Win32_Debug\cl.command.1.tlog
E:\JPEG2000\useful\JPEG2000\jasper-1.900.1\jasper-1.900.1\src\msvc\libjasper___Win32_Debug\CL.read.1.tlog
E:\JPEG2000\useful\JPEG2000\jasper-1.900.1\jasper-1.900.1\src\msvc\libjasper___Win32_Debug\CL.write.1.tlog
E:\JPEG2000\USEFUL\JPEG2000\JASPER-1.900.1\JASPER-1.900.1\SRC\MSVC\LIBJASPER___WIN32_DEBUG\JAS_CM.OBJ
E:\JPEG2000\USEFUL\JPEG2000\JASPER-1.900.1\JASPER-1.900.1\SRC\MSVC\LIBJASPER___WIN32_DEBUG\JAS_DEBUG.OBJ
E:\JPEG2000\USEFUL\JPEG2000\JASPER-1.900.1\JASPER-1.900.1\SRC\MSVC\LIBJASPER___WIN32_DEBUG\JAS_GETOPT.OBJ
E:\JPEG2000\USEFUL\JPEG2000\JASPER-1.900.1\JASPER-1.900.1\SRC\MSVC\LIBJASPER___WIN32_DEBUG\JAS_ICC.OBJ
E:\JPEG2000\USEFUL\JPEG2000\JASPER-1.900.1\JASPER-1.900.1\SRC\MSVC\LIBJASPER___WIN32_DEBUG\JAS_ICCDATA.OBJ
E:\JPEG2000\USEFUL\JPEG2000\JASPER-1.900.1\JASPER-1.900.1\SRC\MSVC\LIBJASPER___WIN32_DEBUG\JAS_IMAGE.OBJ
E:\JPEG2000\USEFUL\JPEG2000\JASPER-1.900.1\JASPER-1.900.1\SRC\MSVC\LIBJASPER___WIN32_DEBUG\JAS_INIT.OBJ
E:\JPEG2000\USEFUL\JPEG2000\JASPER-1.900.1\JASPER-1.900.1\SRC\MSVC\LIBJASPER___WIN32_DEBUG\JAS_MALLOC.OBJ
E:\JPEG2000\USEFUL\JPEG2000\JASPER-1.900.1\JASPER-1.900.1\SRC\MSVC\LIBJASPER___WIN32_DEBUG\JAS_SEQ.OBJ
E:\JPEG2000\USEFUL\JPEG2000\JASPER-1.900.1\JASPER-1.900.1\SRC\MSVC\LIBJASPER___WIN32_DEBUG\JAS_STREAM.OBJ
E:\JPEG2000\USEFUL\JPEG2000\JASPER-1.900.1\JASPER-1.900.1\SRC\MSVC\LIBJASPER___WIN32_DEBUG\JAS_STRING.OBJ
E:\JPEG2000\USEFUL\JPEG2000\JASPER-1.900.1\JASPER-1.900.1\SRC\MSVC\LIBJASPER___WIN32_DEBUG\JAS_TMR.OBJ
E:\JPEG2000\USEFUL\JPEG2000\JASPER-1.900.1\JASPER-1.900.1\SRC\MSVC\LIBJASPER___WIN32_DEBUG\JAS_TVP.OBJ
E:\JPEG2000\USEFUL\JPEG2000\JASPER-1.900.1\JASPER-1.900.1\SRC\MSVC\LIBJASPER___WIN32_DEBUG\JAS_VERSION.OBJ
E:\JPEG2000\USEFUL\JPEG2000\JASPER-1.900.1\JASPER-1.900.1\SRC\MSVC\LIBJASPER___WIN32_DEBUG\JP2_COD.OBJ
E:\JPEG2000\USEFUL\JPEG2000\JASPER-1.900.1\JASPER-1.900.1\SRC\MSVC\LIBJASPER___WIN32_DEBUG\JP2_DEC.OBJ
E:\JPEG2000\USEFUL\JPEG2000\JASPER-1.900.1\JASPER-1.900.1\SRC\MSVC\LIBJASPER___WIN32_DEBUG\JP2_ENC.OBJ
E:\JPEG2000\USEFUL\JPEG2000\JASPER-1.900.1\JASPER-1.900.1\SRC\MSVC\LIBJASPER___WIN32_DEBUG\JPC_BS.OBJ
E:\JPEG2000\USEFUL\JPEG2000\JASPER-1.900.1\JASPER-1.900.1\SRC\MSVC\LIBJASPER___WIN32_DEBUG\JPC_CS.OBJ
E:\JPEG2000\USEFUL\JPEG2000\JASPER-1.900.1\JASPER-1.900.1\SRC\MSVC\LIBJASPER___WIN32_DEBUG\JPC_DEC.OBJ
E:\JPEG2000\USEFUL\JPEG2000\JASPER-1.900.1\JASPER-1.900.1\SRC\MSVC\LIBJASPER___WIN32_DEBUG\JPC_ENC.OBJ
E:\JPEG2000\USEFUL\JPEG2000\JASPER-1.900.1\JASPER-1.900.1\SRC\MSVC\LIBJASPER___WIN32_DEBUG\JPC_MATH.OBJ
E:\JPEG2000\USEFUL\JPEG2000\JASPER-1.900.1\JASPER-1.900.1\SRC\MSVC\LIBJASPER___WIN32_DEBUG\JPC_MCT.OBJ
E:\JPEG2000\USEFUL\JPEG2000\JASPER-1.900.1\JASPER-1.900.1\SRC\MSVC\LIBJASPER___WIN32_DEBUG\JPC_MQCOD.OBJ
E:\JPEG2000\USEFUL\JPEG2000\JASPER-1.900.1\JASPER-1.900.1\SRC\MSVC\LIBJASPER___WIN32_DEBUG\JPC_MQDEC.OBJ
E:\JPEG2000\USEFUL\JPEG2000\JASPER-1.900.1\JASPER-1.900.1\SRC\MSVC\LIBJASPER___WIN32_DEBUG\JPC_MQENC.OBJ
E:\JPEG2000\USEFUL\JPEG2000\JASPER-1.900.1\JASPER-1.900.1\SRC\MSVC\LIBJASPER___WIN32_DEBUG\JPC_QMFB.OBJ
E:\JPEG2000\USEFUL\JPEG2000\JASPER-1.900.1\JASPER-1.900.1\SRC\MSVC\LIBJASPER___WIN32_DEBUG\JPC_T1COD.OBJ
E:\JPEG2000\USEFUL\JPEG2000\JASPER-1.900.1\JASPER-1.900.1\SRC\MSVC\LIBJASPER___WIN32_DEBUG\JPC_T1DEC.OBJ
E:\JPEG2000\USEFUL\JPEG2000\JASPER-1.900.1\JASPER-1.900.1\SRC\MSVC\LIBJASPER___WIN32_DEBUG\JPC_T1ENC.OBJ
E:\JPEG2000\USEFUL\JPEG2000\JASPER-1.900.1\JASPER-1.900.1\SRC\MSVC\LIBJASPER___WIN32_DEBUG\JPC_T2COD.OBJ
E:\JPEG2000\USEFUL\JPEG2000\JASPER-1.900.1\JASPER-1.900.1\SRC\MSVC\LIBJASPER___WIN32_DEBUG\JPC_T2DEC.OBJ
E:\JPEG2000\USEFUL\JPEG2000\JASPER-1.900.1\JASPER-1.900.1\SRC\MSVC\LIBJASPER___WIN32_DEBUG\JPC_T2ENC.OBJ
E:\JPEG2000\USEFUL\JPEG2000\JASPER-1.900.1\JASPER-1.900.1\SRC\MSVC\LIBJASPER___WIN32_DEBUG\JPC_TAGTREE.OBJ
E:\JPEG2000\USEFUL\JPEG2000\JASPER-1.900.1\JASPER-1.900.1\SRC\MSVC\LIBJASPER___WIN32_DEBUG\JPC_TSFB.OBJ
E:\JPEG2000\USEFUL\JPEG2000\JASPER-1.900.1\JASPER-1.900.1\SRC\MSVC\LIBJASPER___WIN32_DEBUG\JPC_UTIL.OBJ
E:\JPEG2000\USEFUL\JPEG2000\JASPER-1.900.1\JASPER-1.900.1\SRC\MSVC\LIBJASPER___WIN32_DEBUG\JPG_DUMMY.OBJ
E:\JPEG2000\USEFUL\JPEG2000\JASPER-1.900.1\JASPER-1.900.1\SRC\MSVC\LIBJASPER___WIN32_DEBUG\JPG_VAL.OBJ
E:\JPEG2000\useful\JPEG2000\jasper-1.900.1\jasper-1.900.1\src\msvc\libjasper___Win32_Debug\lib.command.1.tlog
E:\JPEG2000\useful\JPEG2000\jasper-1.900.1\jasper-1.900.1\src\msvc\libjasper___Win32_Debug\Lib-link.read.1.tlog
E:\JPEG2000\useful\JPEG2000\jasper-1.900.1\jasper-1.900.1\src\msvc\libjasper___Win32_Debug\Lib-link.write.1.tlog
E:\JPEG2000\USEFUL\JPEG2000\JASPER-1.900.1\JASPER-1.900.1\SRC\MSVC\LIBJASPER___WIN32_DEBUG\MIF_COD.OBJ
E:\JPEG2000\USEFUL\JPEG2000\JASPER-1.900.1\JASPER-1.900.1\SRC\MSVC\LIBJASPER___WIN32_DEBUG\PGX_COD.OBJ
E:\JPEG2000\USEFUL\JPEG2000\JASPER-1.900.1\JASPER-1.900.1\SRC\MSVC\LIBJASPER___WIN32_DEBUG\PGX_DEC.OBJ
E:\JPEG2000\USEFUL\JPEG2000\JASPER-1.900.1\JASPER-1.900.1\SRC\MSVC\LIBJASPER___WIN32_DEBUG\PGX_ENC.OBJ
E:\JPEG2000\USEFUL\JPEG2000\JASPER-1.900.1\JASPER-1.900.1\SRC\MSVC\LIBJASPER___WIN32_DEBUG\PNM_COD.OBJ
E:\JPEG2000\USEFUL\JPEG2000\JASPER-1.900.1\JASPER-1.900.1\SRC\MSVC\LIBJASPER___WIN32_DEBUG\PNM_DEC.OBJ
E:\JPEG2000\USEFUL\JPEG2000\JASPER-1.900.1\JASPER-1.900.1\SRC\MSVC\LIBJASPER___WIN32_DEBUG\PNM_ENC.OBJ
E:\JPEG2000\USEFUL\JPEG2000\JASPER-1.900.1\JASPER-1.900.1\SRC\MSVC\LIBJASPER___WIN32_DEBUG\RAS_COD.OBJ
E:\JPEG2000\USEFUL\JPEG2000\JASPER-1.900.1\JASPER-1.900.1\SRC\MSVC\LIBJASPER___WIN32_DEBUG\RAS_DEC.OBJ
E:\JPEG2000\USEFUL\JPEG2000\JASPER-1.900.1\JASPER-1.900.1\SRC\MSVC\LIBJASPER___WIN32_DEBUG\RAS_ENC.OBJ
E:\JPEG2000\useful\JPEG2000\jasper-1.900.1\jasper-1.900.1\src\msvc\libjasper___Win32_Debug\vc100.idb
E:\JPEG2000\USEFUL\JPEG2000\JASPER-1.900.1\JASPER-1.900.1\SRC\MSVC\LIBJASPER___WIN32_DEBUG\VC100.PDB
E:\JPEG2000\USEFUL\JPEG2000\JASPER-1.900.1\JASPER-1.900.1\SRC\MSVC\WIN32_DEBUG\LIBJASPER.LIB
E:\TASK\JPEG2000\JASPER-1.900.1\JASPER-1.900.1\SRC\MSVC\LIBJASPER___WIN32_DEBUG\BMP_COD.OBJ
E:\TASK\JPEG2000\JASPER-1.900.1\JASPER-1.900.1\SRC\MSVC\LIBJASPER___WIN32_DEBUG\BMP_DEC.OBJ
E:\TASK\JPEG2000\JASPER-1.900.1\JASPER-1.900.1\SRC\MSVC\LIBJASPER___WIN32_DEBUG\BMP_ENC.OBJ
E:\TASK\JPEG2000\JASPER-1.900.1\JASPER-1.900.1\SRC\MSVC\LIBJASPER___WIN32_DEBUG\JAS_CM.OBJ
E:\TASK\JPEG2000\JASPER-1.900.1\JASPER-1.900.1\SRC\MSVC\LIBJASPER___WIN32_DEBUG\JAS_DEBUG.OBJ
E:\TASK\JPEG2000\JASPER-1.900.1\JASPER-1.900.1\SRC\MSVC\LIBJASPER___WIN32_DEBUG\JAS_GETOPT.OBJ
E:\TASK\JPEG2000\JASPER-1.900.1\JASPER-1.900.1\SRC\MSVC\LIBJASPER___WIN32_DEBUG\JAS_ICC.OBJ
E:\TASK\JPEG2000\JASPER-1.900.1\JASPER-1.900.1\SRC\MSVC\LIBJASPER___WIN32_DEBUG\JAS_ICCDATA.OBJ
E:\TASK\JPEG2000\JASPER-1.900.1\JASPER-1.900.1\SRC\MSVC\LIBJASPER___WIN32_DEBUG\JAS_IMAGE.OBJ
E:\TASK\JPEG2000\JASPER-1.900.1\JASPER-1.900.1\SRC\MSVC\LIBJASPER___WIN32_DEBUG\JAS_INIT.OBJ
E:\TASK\JPEG2000\JASPER-1.900.1\JASPER-1.900.1\SRC\MSVC\LIBJASPER___WIN32_DEBUG\JAS_MALLOC.OBJ
E:\TASK\JPEG2000\JASPER-1.900.1\JASPER-1.900.1\SRC\MSVC\LIBJASPER___WIN32_DEBUG\JAS_SEQ.OBJ
E:\TASK\JPEG2000\JASPER-1.900.1\JASPER-1.900.1\SRC\MSVC\LIBJASPER___WIN32_DEBUG\JAS_STREAM.OBJ
E:\TASK\JPEG2000\JASPER-1.900.1\JASPER-1.900.1\SRC\MSVC\LIBJASPER___WIN32_DEBUG\JAS_STRING.OBJ
E:\TASK\JPEG2000\JASPER-1.900.1\JASPER-1.900.1\SRC\MSVC\LIBJASPER___WIN32_DEBUG\JAS_TMR.OBJ
E:\TASK\JPEG2000\JASPER-1.900.1\JASPER-1.900.1\SRC\MSVC\LIBJASPER___WIN32_DEBUG\JAS_TVP.OBJ
E:\TASK\JPEG2000\JASPER-1.900.1\JASPER-1.900.1\SRC\MSVC\LIBJASPER___WIN32_DEBUG\JAS_VERSION.OBJ
E:\TASK\JPEG2000\JASPER-1.900.1\JASPER-1.900.1\SRC\MSVC\LIBJASPER___WIN32_DEBUG\JP2_COD.OBJ
E:\TASK\JPEG2000\JASPER-1.900.1\JASPER-1.900.1\SRC\MSVC\LIBJASPER___WIN32_DEBUG\JP2_DEC.OBJ
E:\TASK\JPEG2000\JASPER-1.900.1\JASPER-1.900.1\SRC\MSVC\LIBJASPER___WIN32_DEBUG\JP2_ENC.OBJ
E:\TASK\JPEG2000\JASPER-1.900.1\JASPER-1.900.1\SRC\MSVC\LIBJASPER___WIN32_DEBUG\JPC_BS.OBJ
E:\TASK\JPEG2000\JASPER-1.900.1\JASPER-1.900.1\SRC\MSVC\LIBJASPER___WIN32_DEBUG\JPC_CS.OBJ
E:\TASK\JPEG2000\JASPER-1.900.1\JASPER-1.900.1\SRC\MSVC\LIBJASPER___WIN32_DEBUG\JPC_DEC.OBJ
E:\TASK\JPEG2000\JASPER-1.900.1\JASPER-1.900.1\SRC\MSVC\LIBJASPER___WIN32_DEBUG\JPC_ENC.OBJ
E:\TASK\JPEG2000\JASPER-1.900.1\JASPER-1.900.1\SRC\MSVC\LIBJASPER___WIN32_DEBUG\JPC_MATH.OBJ
E:\TASK\JPEG2000\JASPER-1.900.1\JASPER-1.900.1\SRC\MSVC\LIBJASPER___WIN32_DEBUG\JPC_MCT.OBJ
E:\TASK\JPEG2000\JASPER-1.900.1\JASPER-1.900.1\SRC\MSVC\LIBJASPER___WIN32_DEBUG\JPC_MQCOD.OBJ
E:\TASK\JPEG2000\JASPER-1.900.1\JASPER-1.900.1\SRC\MSVC\LIBJASPER___WIN32_DEBUG\JPC_MQDEC.OBJ
E:\TASK\JPEG2000\JASPER-1.900.1\JASPER-1.900.1\SRC\MSVC\LIBJASPER___WIN32_DEBUG\JPC_MQENC.OBJ
E:\TASK\JPEG2000\JASPER-1.900.1\JASPER-1.900.1\SRC\MSVC\LIBJASPER___WIN32_DEBUG\JPC_QMFB.OBJ
E:\TASK\JPEG2000\JASPER-1.900.1\JASPER-1.900.1\SRC\MSVC\LIBJASPER___WIN32_DEBUG\JPC_T1COD.OBJ
E:\TASK\JPEG2000\JASPER-1.900.1\JASPER-1.900.1\SRC\MSVC\LIBJASPER___WIN32_DEBUG\JPC_T1DEC.OBJ
E:\TASK\JPEG2000\JASPER-1.900.1\JASPER-1.900.1\SRC\MSVC\LIBJASPER___WIN32_DEBUG\JPC_T1ENC.OBJ
E:\TASK\JPEG2000\JASPER-1.900.1\JASPER-1.900.1\SRC\MSVC\LIBJASPER___WIN32_DEBUG\JPC_T2COD.OBJ
E:\TASK\JPEG2000\JASPER-1.900.1\JASPER-1.900.1\SRC\MSVC\LIBJASPER___WIN32_DEBUG\JPC_T2DEC.OBJ
E:\TASK\JPEG2000\JASPER-1.900.1\JASPER-1.900.1\SRC\MSVC\LIBJASPER___WIN32_DEBUG\JPC_T2ENC.OBJ
E:\TASK\JPEG2000\JASPER-1.900.1\JASPER-1.900.1\SRC\MSVC\LIBJASPER___WIN32_DEBUG\JPC_TAGTREE.OBJ
E:\TASK\JPEG2000\JASPER-1.900.1\JASPER-1.900.1\SRC\MSVC\LIBJASPER___WIN32_DEBUG\JPC_TSFB.OBJ
E:\TASK\JPEG2000\JASPER-1.900.1\JASPER-1.900.1\SRC\MSVC\LIBJASPER___WIN32_DEBUG\JPC_UTIL.OBJ
E:\TASK\JPEG2000\JASPER-1.900.1\JASPER-1.900.1\SRC\MSVC\LIBJASPER___WIN32_DEBUG\JPG_DUMMY.OBJ
E:\TASK\JPEG2000\JASPER-1.900.1\JASPER-1.900.1\SRC\MSVC\LIBJASPER___WIN32_DEBUG\JPG_VAL.OBJ
E:\TASK\JPEG2000\JASPER-1.900.1\JASPER-1.900.1\SRC\MSVC\LIBJASPER___WIN32_DEBUG\MIF_COD.OBJ
E:\TASK\JPEG2000\JASPER-1.900.1\JASPER-1.900.1\SRC\MSVC\LIBJASPER___WIN32_DEBUG\PGX_COD.OBJ
E:\TASK\JPEG2000\JASPER-1.900.1\JASPER-1.900.1\SRC\MSVC\LIBJASPER___WIN32_DEBUG\PGX_DEC.OBJ
E:\TASK\JPEG2000\JASPER-1.900.1\JASPER-1.900.1\SRC\MSVC\LIBJASPER___WIN32_DEBUG\PGX_ENC.OBJ
E:\TASK\JPEG2000\JASPER-1.900.1\JASPER-1.900.1\SRC\MSVC\LIBJASPER___WIN32_DEBUG\PNM_COD.OBJ
E:\TASK\JPEG2000\JASPER-1.900.1\JASPER-1.900.1\SRC\MSVC\LIBJASPER___WIN32_DEBUG\PNM_DEC.OBJ
E:\TASK\JPEG2000\JASPER-1.900.1\JASPER-1.900.1\SRC\MSVC\LIBJASPER___WIN32_DEBUG\PNM_ENC.OBJ
E:\TASK\JPEG2000\JASPER-1.900.1\JASPER-1.900.1\SRC\MSVC\LIBJASPER___WIN32_DEBUG\RAS_COD.OBJ
E:\TASK\JPEG2000\JASPER-1.900.1\JASPER-1.900.1\SRC\MSVC\LIBJASPER___WIN32_DEBUG\RAS_DEC.OBJ
E:\TASK\JPEG2000\JASPER-1.900.1\JASPER-1.900.1\SRC\MSVC\LIBJASPER___WIN32_DEBUG\RAS_ENC.OBJ
E:\TASK\JPEG2000\JASPER-1.900.1\JASPER-1.900.1\SRC\MSVC\LIBJASPER___WIN32_DEBUG\VC100.PDB
E:\TASK\JPEG2000\JASPER-1.900.1\JASPER-1.900.1\SRC\MSVC\WIN32_DEBUG\LIBJASPER.LIB
